
6월 18, 2025 12:38:31.35 NEW SESSION
6월 18, 2025 12:38:31.36 WARNING: All log messages before absl::InitializeLog() is called are written to STDERR
6월 18, 2025 12:38:31.36 I0000 00:00:1750217911.351992   13444 voice_transcription.cc:58] Registering VoiceTranscriptionCapability
6월 18, 2025 12:38:31.40 Created TensorFlow Lite XNNPACK delegate for CPU.
6월 18, 2025 12:51:55.80 WARNING: All log messages before absl::InitializeLog() is called are written to STDERR
6월 18, 2025 12:51:55.80 I0000 00:00:1750218715.807378   13776 voice_transcription.cc:58] Registering VoiceTranscriptionCapability
6월 18, 2025 12:51:55.86 Created TensorFlow Lite XNNPACK delegate for CPU.

6월 24, 2025 09:35:38.11 NEW SESSION
6월 24, 2025 09:35:38.12 WARNING: All log messages before absl::InitializeLog() is called are written to STDERR
6월 24, 2025 09:35:38.12 I0000 00:00:1750725338.113091   13500 voice_transcription.cc:58] Registering VoiceTranscriptionCapability
6월 24, 2025 09:35:38.19 Created TensorFlow Lite XNNPACK delegate for CPU.
6월 24, 2025 16:54:11.35 WARNING: All log messages before absl::InitializeLog() is called are written to STDERR
6월 24, 2025 16:54:11.35 I0000 00:00:1750751651.350017   14880 voice_transcription.cc:58] Registering VoiceTranscriptionCapability
6월 24, 2025 16:54:11.52 Created TensorFlow Lite XNNPACK delegate for CPU.

6월 25, 2025 09:37:44.23 NEW SESSION
6월 25, 2025 09:37:44.24 WARNING: All log messages before absl::InitializeLog() is called are written to STDERR
6월 25, 2025 09:37:44.24 I0000 00:00:1750811864.235850    7276 voice_transcription.cc:58] Registering VoiceTranscriptionCapability
6월 25, 2025 09:37:44.40 Created TensorFlow Lite XNNPACK delegate for CPU.
6월 25, 2025 12:35:48.35 WARNING: All log messages before absl::InitializeLog() is called are written to STDERR
6월 25, 2025 12:35:48.35 I0000 00:00:1750822548.350675   13928 voice_transcription.cc:58] Registering VoiceTranscriptionCapability
6월 25, 2025 12:35:48.40 Created TensorFlow Lite XNNPACK delegate for CPU.
6월 25, 2025 15:12:27.09 WARNING: All log messages before absl::InitializeLog() is called are written to STDERR
6월 25, 2025 15:12:27.09 I0000 00:00:1750831947.091753    7196 voice_transcription.cc:58] Registering VoiceTranscriptionCapability
6월 25, 2025 15:12:27.13 Created TensorFlow Lite XNNPACK delegate for CPU.

6월 27, 2025 09:51:12.23 NEW SESSION
6월 27, 2025 09:51:12.24 WARNING: All log messages before absl::InitializeLog() is called are written to STDERR
6월 27, 2025 09:51:12.24 I0000 00:00:1750985472.231968    3600 voice_transcription.cc:58] Registering VoiceTranscriptionCapability
6월 27, 2025 09:51:12.30 Created TensorFlow Lite XNNPACK delegate for CPU.
6월 27, 2025 11:05:59.78 [14544:1428:0627/110559.783:ERROR:mojo\public\cpp\bindings\lib\interface_endpoint_client.cc:732] Message 5 rejected by interface blink.mojom.WidgetHost
6월 27, 2025 17:21:00.22 WARNING: All log messages before absl::InitializeLog() is called are written to STDERR
6월 27, 2025 17:21:00.22 I0000 00:00:1751012460.222266    3712 voice_transcription.cc:58] Registering VoiceTranscriptionCapability
6월 27, 2025 17:21:00.48 Created TensorFlow Lite XNNPACK delegate for CPU.
